[    93.222] (--) Log file renamed from "/home/ibrahima/.local/share/xorg/Xorg.pid-1318.log" to "/home/ibrahima/.local/share/xorg/Xorg.0.log"
[    93.223] 
X.Org X Server 1.20.11
X Protocol Version 11, Revision 0
[    93.223] Build Operating System: linux Ubuntu
[    93.223] Current Operating System: Linux ibrahima 5.11.0-38-generic #42~20.04.1-Ubuntu SMP Tue Sep 28 20:41:07 UTC 2021 x86_64
[    93.223] Kernel command line: BOOT_IMAGE=/boot/vmlinuz-5.11.0-38-generic root=UUID=2047eccf-088e-4a94-8a29-9dc42f1e6a6e ro quiet splash
[    93.223] Build Date: 06 July 2021  10:17:51AM
[    93.223] xorg-server 2:1.20.11-1ubuntu1~20.04.2 (For technical support please see http://www.ubuntu.com/support) 
[    93.223] Current version of pixman: 0.38.4
[    93.223] 	Before reporting problems, check http://wiki.x.org
	to make sure that you have the latest version.
[    93.223] Markers: (--) probed, (**) from config file, (==) default setting,
	(++) from command line, (!!) notice, (II) informational,
	(WW) warning, (EE) error, (NI) not implemented, (??) unknown.
[    93.223] (==) Log file: "/home/ibrahima/.local/share/xorg/Xorg.0.log", Time: Sun Nov  7 15:06:37 2021
[    93.259] (==) Using system config directory "/usr/share/X11/xorg.conf.d"
[    93.279] (==) No Layout section.  Using the first Screen section.
[    93.279] (==) No screen section available. Using defaults.
[    93.279] (**) |-->Screen "Default Screen Section" (0)
[    93.279] (**) |   |-->Monitor "<default monitor>"
[    93.291] (==) No monitor specified for screen "Default Screen Section".
	Using a default monitor configuration.
[    93.291] (==) Automatically adding devices
[    93.291] (==) Automatically enabling devices
[    93.291] (==) Automatically adding GPU devices
[    93.291] (==) Automatically binding GPU devices
[    93.291] (==) Max clients allowed: 256, resource mask: 0x1fffff
[    93.291] (WW) The directory "/usr/share/fonts/X11/cyrillic" does not exist.
[    93.291] 	Entry deleted from font path.
[    93.291] (WW) The directory "/usr/share/fonts/X11/100dpi/" does not exist.
[    93.291] 	Entry deleted from font path.
[    93.292] (WW) The directory "/usr/share/fonts/X11/75dpi/" does not exist.
[    93.292] 	Entry deleted from font path.
[    93.292] (WW) The directory "/usr/share/fonts/X11/100dpi" does not exist.
[    93.292] 	Entry deleted from font path.
[    93.292] (WW) The directory "/usr/share/fonts/X11/75dpi" does not exist.
[    93.292] 	Entry deleted from font path.
[    93.292] (==) FontPath set to:
	/usr/share/fonts/X11/misc,
	/usr/share/fonts/X11/Type1,
	built-ins
[    93.292] (==) ModulePath set to "/usr/lib/xorg/modules"
[    93.292] (II) The server relies on udev to provide the list of input devices.
	If no devices become available, reconfigure udev or disable AutoAddDevices.
[    93.292] (II) Loader magic: 0x557969917020
[    93.292] (II) Module ABI versions:
[    93.292] 	X.Org ANSI C Emulation: 0.4
[    93.292] 	X.Org Video Driver: 24.1
[    93.292] 	X.Org XInput driver : 24.1
[    93.292] 	X.Org Server Extension : 10.0
[    93.295] (++) using VT number 2

[    93.302] (II) systemd-logind: took control of session /org/freedesktop/login1/session/_32
[    93.304] (II) xfree86: Adding drm device (/dev/dri/card0)
[    93.309] (II) systemd-logind: got fd for /dev/dri/card0 226:0 fd 12 paused 0
[    93.312] (--) PCI:*(0@0:2:0) 15ad:0405:15ad:0405 rev 0, Mem @ 0xe0000000/134217728, 0xf0000000/2097152, I/O @ 0x0000d010/16, BIOS @ 0x????????/131072
[    93.318] (II) LoadModule: "glx"
[    93.328] (II) Loading /usr/lib/xorg/modules/extensions/libglx.so
[    93.347] (II) Module glx: vendor="X.Org Foundation"
[    93.348] 	compiled for 1.20.11, module version = 1.0.0
[    93.348] 	ABI class: X.Org Server Extension, version 10.0
[    93.348] (==) Matched vmware as autoconfigured driver 0
[    93.348] (==) Matched modesetting as autoconfigured driver 1
[    93.348] (==) Matched fbdev as autoconfigured driver 2
[    93.348] (==) Matched vesa as autoconfigured driver 3
[    93.348] (==) Assigned the driver to the xf86ConfigLayout
[    93.348] (II) LoadModule: "vmware"
[    93.349] (II) Loading /usr/lib/xorg/modules/drivers/vmware_drv.so
[    93.478] (II) Module vmware: vendor="X.Org Foundation"
[    93.478] 	compiled for 1.20.8, module version = 13.3.0
[    93.478] 	Module class: X.Org Video Driver
[    93.478] 	ABI class: X.Org Video Driver, version 24.1
[    93.478] (II) LoadModule: "modesetting"
[    93.478] (II) Loading /usr/lib/xorg/modules/drivers/modesetting_drv.so
[    93.500] (II) Module modesetting: vendor="X.Org Foundation"
[    93.500] 	compiled for 1.20.11, module version = 1.20.11
[    93.500] 	Module class: X.Org Video Driver
[    93.500] 	ABI class: X.Org Video Driver, version 24.1
[    93.500] (II) LoadModule: "fbdev"
[    93.500] (II) Loading /usr/lib/xorg/modules/drivers/fbdev_drv.so
[    93.503] (II) Module fbdev: vendor="X.Org Foundation"
[    93.503] 	compiled for 1.20.1, module version = 0.5.0
[    93.503] 	Module class: X.Org Video Driver
[    93.503] 	ABI class: X.Org Video Driver, version 24.0
[    93.503] (II) LoadModule: "vesa"
[    93.503] (II) Loading /usr/lib/xorg/modules/drivers/vesa_drv.so
[    93.514] (II) Module vesa: vendor="X.Org Foundation"
[    93.514] 	compiled for 1.20.4, module version = 2.4.0
[    93.514] 	Module class: X.Org Video Driver
[    93.514] 	ABI class: X.Org Video Driver, version 24.0
[    93.514] (II) vmware: driver for VMware SVGA: vmware0405, vmware0710
[    93.515] (II) modesetting: Driver for Modesetting Kernel Drivers: kms
[    93.515] (II) FBDEV: driver for framebuffer: fbdev
[    93.515] (II) VESA: driver for VESA chipsets: vesa
[    93.515] xf86EnableIOPorts: failed to set IOPL for I/O (Operation not permitted)
[    93.515] (WW) Falling back to old probe method for modesetting
[    93.515] (WW) Falling back to old probe method for fbdev
[    93.515] (II) Loading sub module "fbdevhw"
[    93.515] (II) LoadModule: "fbdevhw"
[    93.515] (II) Loading /usr/lib/xorg/modules/libfbdevhw.so
[    93.520] (II) Module fbdevhw: vendor="X.Org Foundation"
[    93.520] 	compiled for 1.20.11, module version = 0.0.2
[    93.520] 	ABI class: X.Org Video Driver, version 24.1
[    93.520] (EE) open /dev/fb0: Permission denied
[    93.520] (WW) VGA arbiter: cannot open kernel arbiter, no multi-card support
[    93.520] (II) vmware(0): Creating default Display subsection in Screen section
	"Default Screen Section" for depth/fbbpp 24/32
[    93.520] (--) vmware(0): DRM driver version is 2.18.0
[    93.520] (==) vmware(0): Depth 24, (--) framebuffer bpp 32
[    93.520] (==) vmware(0): RGB weight 888
[    93.520] (==) vmware(0): Default visual is TrueColor
[    93.520] (--) vmware(0): Min width 1, Max Width 8192.
[    93.520] (--) vmware(0): Min height 1, Max Height 8192.
[    93.521] (II) vmware(0): Output Virtual1 has no monitor section
[    93.521] (II) vmware(0): Output Virtual2 has no monitor section
[    93.521] (II) vmware(0): Output Virtual3 has no monitor section
[    93.521] (II) vmware(0): Output Virtual4 has no monitor section
[    93.521] (II) vmware(0): Output Virtual5 has no monitor section
[    93.521] (II) vmware(0): Output Virtual6 has no monitor section
[    93.521] (II) vmware(0): Output Virtual7 has no monitor section
[    93.521] (II) vmware(0): Output Virtual8 has no monitor section
[    93.521] (II) vmware(0): Printing probed modes for output Virtual1
[    93.521] (II) vmware(0): Modeline "800x600"x60.0   42.75  800 850 900 950  600 650 700 750 -hsync +vsync (45.0 kHz eP)
[    93.521] (II) vmware(0): Modeline "2560x1600"x60.0  348.50  2560 2752 3032 3504  1600 1603 1609 1658 -hsync +vsync (99.5 kHz e)
[    93.521] (II) vmware(0): Modeline "1920x1440"x60.0  234.00  1920 2048 2256 2600  1440 1441 1444 1500 -hsync +vsync (90.0 kHz e)
[    93.521] (II) vmware(0): Modeline "1856x1392"x60.0  218.25  1856 1952 2176 2528  1392 1393 1396 1439 -hsync +vsync (86.3 kHz e)
[    93.521] (II) vmware(0): Modeline "1792x1344"x60.0  204.75  1792 1920 2120 2448  1344 1345 1348 1394 -hsync +vsync (83.6 kHz e)
[    93.521] (II) vmware(0): Modeline "1920x1200"x59.9  193.25  1920 2056 2256 2592  1200 1203 1209 1245 -hsync +vsync (74.6 kHz e)
[    93.522] (II) vmware(0): Modeline "1600x1200"x60.0  162.00  1600 1664 1856 2160  1200 1201 1204 1250 +hsync +vsync (75.0 kHz e)
[    93.522] (II) vmware(0): Modeline "1680x1050"x60.0  146.25  1680 1784 1960 2240  1050 1053 1059 1089 -hsync +vsync (65.3 kHz e)
[    93.522] (II) vmware(0): Modeline "1400x1050"x60.0  121.75  1400 1488 1632 1864  1050 1053 1057 1089 -hsync +vsync (65.3 kHz e)
[    93.522] (II) vmware(0): Modeline "1280x1024"x60.0  108.00  1280 1328 1440 1688  1024 1025 1028 1066 +hsync +vsync (64.0 kHz e)
[    93.522] (II) vmware(0): Modeline "1440x900"x59.9  106.50  1440 1520 1672 1904  900 903 909 934 -hsync +vsync (55.9 kHz e)
[    93.522] (II) vmware(0): Modeline "1280x960"x60.0  108.00  1280 1376 1488 1800  960 961 964 1000 +hsync +vsync (60.0 kHz e)
[    93.522] (II) vmware(0): Modeline "1360x768"x60.0   85.50  1360 1424 1536 1792  768 771 777 795 +hsync +vsync (47.7 kHz e)
[    93.522] (II) vmware(0): Modeline "1280x800"x59.8   83.50  1280 1352 1480 1680  800 803 809 831 +hsync -vsync (49.7 kHz e)
[    93.522] (II) vmware(0): Modeline "1152x864"x75.0  108.00  1152 1216 1344 1600  864 865 868 900 +hsync +vsync (67.5 kHz e)
[    93.522] (II) vmware(0): Modeline "1280x768"x59.9   79.50  1280 1344 1472 1664  768 771 778 798 -hsync +vsync (47.8 kHz e)
[    93.522] (II) vmware(0): Modeline "1024x768"x60.0   65.00  1024 1048 1184 1344  768 771 777 806 -hsync -vsync (48.4 kHz e)
[    93.522] (II) vmware(0): Modeline "800x600"x60.3   40.00  800 840 968 1056  600 601 605 628 +hsync +vsync (37.9 kHz e)
[    93.522] (II) vmware(0): Modeline "640x480"x59.9   25.18  640 656 752 800  480 489 492 525 -hsync -vsync (31.5 kHz e)
[    93.522] (II) vmware(0): EDID for output Virtual2
[    93.522] (II) vmware(0): EDID for output Virtual3
[    93.522] (II) vmware(0): EDID for output Virtual4
[    93.522] (II) vmware(0): EDID for output Virtual5
[    93.522] (II) vmware(0): EDID for output Virtual6
[    93.522] (II) vmware(0): EDID for output Virtual7
[    93.522] (II) vmware(0): EDID for output Virtual8
[    93.522] (II) vmware(0): Output Virtual1 connected
[    93.522] (II) vmware(0): Output Virtual2 disconnected
[    93.522] (II) vmware(0): Output Virtual3 disconnected
[    93.522] (II) vmware(0): Output Virtual4 disconnected
[    93.522] (II) vmware(0): Output Virtual5 disconnected
[    93.522] (II) vmware(0): Output Virtual6 disconnected
[    93.522] (II) vmware(0): Output Virtual7 disconnected
[    93.522] (II) vmware(0): Output Virtual8 disconnected
[    93.522] (II) vmware(0): Using exact sizes for initial modes
[    93.522] (II) vmware(0): Output Virtual1 using initial mode 800x600 +0+0
[    93.522] (==) vmware(0): DPI set to (96, 96)
[    93.522] (==) vmware(0): Using gamma correction (1.0, 1.0, 1.0)
[    93.522] (II) Loading sub module "fb"
[    93.522] (II) LoadModule: "fb"
[    93.526] (II) Loading /usr/lib/xorg/modules/libfb.so
[    93.539] (II) Module fb: vendor="X.Org Foundation"
[    93.539] 	compiled for 1.20.11, module version = 1.0.0
[    93.539] 	ABI class: X.Org ANSI C Emulation, version 0.4
[    93.539] (II) Loading sub module "dri2"
[    93.539] (II) LoadModule: "dri2"
[    93.539] (II) Module "dri2" already built-in
[    93.539] (II) Loading sub module "dri3"
[    93.539] (II) LoadModule: "dri3"
[    93.539] (II) Module "dri3" already built-in
[    93.539] (II) UnloadModule: "modesetting"
[    93.539] (II) Unloading modesetting
[    93.540] (II) UnloadModule: "fbdev"
[    93.540] (II) Unloading fbdev
[    93.540] (II) UnloadSubModule: "fbdevhw"
[    93.540] (II) Unloading fbdevhw
[    93.540] (II) UnloadModule: "vesa"
[    93.540] (II) Unloading vesa
[    93.553] (II) vmware(0): Initialized VMWARE_CTRL extension version 0.2
[    93.636] (II) vmware(0): Gallium3D XA version: 2.5.0.
[    93.637] (II) vmware(0): Path of drm device is "/dev/dri/card0".
[    93.652] (II) vmware(0): [DRI2] Setup complete
[    93.652] (II) vmware(0): [DRI2]   DRI driver: vmwgfx
[    94.198] (--) vmware(0): Render acceleration is enabled.
[    94.198] (==) vmware(0): Rendercheck mode is disabled.
[    94.198] (--) vmware(0): Direct rendering (DRI2 3D) is enabled.
[    94.198] (--) vmware(0): Direct rendering (DRI3 3D) is enabled.
[    94.198] (==) vmware(0): Direct presents are disabled.
[    94.198] (==) vmware(0): Hardware only presents are disabled.
[    94.199] (==) vmware(0): Backing store enabled
[    94.199] (==) vmware(0): Silken mouse enabled
[    94.211] (==) vmware(0): DPMS enabled
[    94.211] (II) Initializing extension Generic Event Extension
[    94.212] (II) Initializing extension SHAPE
[    94.212] (II) Initializing extension MIT-SHM
[    94.212] (II) Initializing extension XInputExtension
[    94.217] (II) Initializing extension XTEST
[    94.217] (II) Initializing extension BIG-REQUESTS
[    94.218] (II) Initializing extension SYNC
[    94.218] (II) Initializing extension XKEYBOARD
[    94.218] (II) Initializing extension XC-MISC
[    94.218] (II) Initializing extension SECURITY
[    94.219] (II) Initializing extension XFIXES
[    94.219] (II) Initializing extension RENDER
[    94.219] (II) Initializing extension RANDR
[    94.220] (II) Initializing extension COMPOSITE
[    94.220] (II) Initializing extension DAMAGE
[    94.220] (II) Initializing extension MIT-SCREEN-SAVER
[    94.220] (II) Initializing extension DOUBLE-BUFFER
[    94.221] (II) Initializing extension RECORD
[    94.221] (II) Initializing extension DPMS
[    94.221] (II) Initializing extension Present
[    94.221] (II) Initializing extension DRI3
[    94.221] (II) Initializing extension X-Resource
[    94.222] (II) Initializing extension XVideo
[    94.222] (II) Initializing extension XVideo-MotionCompensation
[    94.222] (II) Initializing extension SELinux
[    94.222] (II) SELinux: Disabled on system
[    94.222] (II) Initializing extension GLX
[    94.232] (II) AIGLX: Loaded and initialized vmwgfx
[    94.232] (II) GLX: Initialized DRI2 GL provider for screen 0
[    94.232] (II) Initializing extension XFree86-VidModeExtension
[    94.232] (II) Initializing extension XFree86-DGA
[    94.232] (II) Initializing extension XFree86-DRI
[    94.232] (II) Initializing extension DRI2
[    94.236] (II) vmware(0): Setting screen physical size to 211 x 158
[    94.287] (II) config/udev: Adding input device Power Button (/dev/input/event0)
[    94.287] (**) Power Button: Applying InputClass "libinput keyboard catchall"
[    94.287] (II) LoadModule: "libinput"
[    94.287] (II) Loading /usr/lib/xorg/modules/input/libinput_drv.so
[    94.302] (II) Module libinput: vendor="X.Org Foundation"
[    94.302] 	compiled for 1.20.4, module version = 0.29.0
[    94.302] 	Module class: X.Org XInput Driver
[    94.302] 	ABI class: X.Org XInput driver, version 24.1
[    94.302] (II) Using input driver 'libinput' for 'Power Button'
[    94.303] (II) systemd-logind: got fd for /dev/input/event0 13:64 fd 24 paused 0
[    94.303] (**) Power Button: always reports core events
[    94.303] (**) Option "Device" "/dev/input/event0"
[    94.303] (**) Option "_source" "server/udev"
[    94.306] (II) event0  - Power Button: is tagged by udev as: Keyboard
[    94.307] (II) event0  - Power Button: device is a keyboard
[    94.307] (II) event0  - Power Button: device removed
[    94.307] (**) Option "config_info" "udev:/sys/devices/LNXSYSTM:00/LNXPWRBN:00/input/input0/event0"
[    94.307] (II) XINPUT: Adding extended input device "Power Button" (type: KEYBOARD, id 6)
[    94.307] (**) Option "xkb_model" "pc105"
[    94.307] (**) Option "xkb_layout" "us"
[    94.309] (II) event0  - Power Button: is tagged by udev as: Keyboard
[    94.309] (II) event0  - Power Button: device is a keyboard
[    94.310] (II) config/udev: Adding input device Sleep Button (/dev/input/event1)
[    94.310] (**) Sleep Button: Applying InputClass "libinput keyboard catchall"
[    94.310] (II) Using input driver 'libinput' for 'Sleep Button'
[    94.311] (II) systemd-logind: got fd for /dev/input/event1 13:65 fd 27 paused 0
[    94.311] (**) Sleep Button: always reports core events
[    94.311] (**) Option "Device" "/dev/input/event1"
[    94.311] (**) Option "_source" "server/udev"
[    94.312] (II) event1  - Sleep Button: is tagged by udev as: Keyboard
[    94.313] (II) event1  - Sleep Button: device is a keyboard
[    94.313] (II) event1  - Sleep Button: device removed
[    94.313] (**) Option "config_info" "udev:/sys/devices/LNXSYSTM:00/LNXSLPBN:00/input/input1/event1"
[    94.313] (II) XINPUT: Adding extended input device "Sleep Button" (type: KEYBOARD, id 7)
[    94.313] (**) Option "xkb_model" "pc105"
[    94.313] (**) Option "xkb_layout" "us"
[    94.314] (II) event1  - Sleep Button: is tagged by udev as: Keyboard
[    94.314] (II) event1  - Sleep Button: device is a keyboard
[    94.315] (II) config/udev: Adding input device Video Bus (/dev/input/event3)
[    94.315] (**) Video Bus: Applying InputClass "libinput keyboard catchall"
[    94.315] (II) Using input driver 'libinput' for 'Video Bus'
[    94.319] (II) systemd-logind: got fd for /dev/input/event3 13:67 fd 28 paused 0
[    94.321] (**) Video Bus: always reports core events
[    94.321] (**) Option "Device" "/dev/input/event3"
[    94.321] (**) Option "_source" "server/udev"
[    94.322] (II) event3  - Video Bus: is tagged by udev as: Keyboard
[    94.322] (II) event3  - Video Bus: device is a keyboard
[    94.322] (II) event3  - Video Bus: device removed
[    94.322] (**) Option "config_info" "udev:/sys/devices/LNXSYSTM:00/LNXSYBUS:00/PNP0A03:00/LNXVIDEO:00/input/input4/event3"
[    94.322] (II) XINPUT: Adding extended input device "Video Bus" (type: KEYBOARD, id 8)
[    94.322] (**) Option "xkb_model" "pc105"
[    94.322] (**) Option "xkb_layout" "us"
[    94.323] (II) event3  - Video Bus: is tagged by udev as: Keyboard
[    94.323] (II) event3  - Video Bus: device is a keyboard
[    94.325] (II) config/udev: Adding input device VirtualBox mouse integration (/dev/input/event6)
[    94.325] (**) VirtualBox mouse integration: Applying InputClass "libinput pointer catchall"
[    94.325] (II) Using input driver 'libinput' for 'VirtualBox mouse integration'
[    94.327] (II) systemd-logind: got fd for /dev/input/event6 13:70 fd 29 paused 0
[    94.327] (**) VirtualBox mouse integration: always reports core events
[    94.327] (**) Option "Device" "/dev/input/event6"
[    94.327] (**) Option "_source" "server/udev"
[    94.328] (II) event6  - VirtualBox mouse integration: is tagged by udev as: Mouse
[    94.328] (II) event6  - VirtualBox mouse integration: device is a pointer
[    94.329] (II) event6  - VirtualBox mouse integration: device removed
[    94.329] (**) Option "config_info" "udev:/sys/devices/pci0000:00/0000:00:04.0/input/input7/event6"
[    94.329] (II) XINPUT: Adding extended input device "VirtualBox mouse integration" (type: MOUSE, id 9)
[    94.329] (**) Option "AccelerationScheme" "none"
[    94.329] (**) VirtualBox mouse integration: (accel) selected scheme none/0
[    94.329] (**) VirtualBox mouse integration: (accel) acceleration factor: 2.000
[    94.329] (**) VirtualBox mouse integration: (accel) acceleration threshold: 4
[    94.330] (II) event6  - VirtualBox mouse integration: is tagged by udev as: Mouse
[    94.330] (II) event6  - VirtualBox mouse integration: device is a pointer
[    94.331] (II) config/udev: Adding input device VirtualBox mouse integration (/dev/input/js1)
[    94.331] (II) No input driver specified, ignoring this device.
[    94.331] (II) This device may have been added with another device file.
[    94.331] (II) config/udev: Adding input device VirtualBox mouse integration (/dev/input/mouse2)
[    94.331] (II) No input driver specified, ignoring this device.
[    94.331] (II) This device may have been added with another device file.
[    94.332] (II) config/udev: Adding input device VirtualBox USB Tablet (/dev/input/event5)
[    94.332] (**) VirtualBox USB Tablet: Applying InputClass "libinput pointer catchall"
[    94.332] (II) Using input driver 'libinput' for 'VirtualBox USB Tablet'
[    94.393] (II) systemd-logind: got fd for /dev/input/event5 13:69 fd 30 paused 0
[    94.393] (**) VirtualBox USB Tablet: always reports core events
[    94.393] (**) Option "Device" "/dev/input/event5"
[    94.393] (**) Option "_source" "server/udev"
[    94.399] (II) event5  - VirtualBox USB Tablet: is tagged by udev as: Mouse
[    94.399] (II) event5  - VirtualBox USB Tablet: device is a pointer
[    94.399] (II) event5  - VirtualBox USB Tablet: device removed
[    94.399] (**) Option "config_info" "udev:/sys/devices/pci0000:00/0000:00:06.0/usb1/1-1/1-1:1.0/0003:80EE:0021.0001/input/input6/event5"
[    94.399] (II) XINPUT: Adding extended input device "VirtualBox USB Tablet" (type: MOUSE, id 10)
[    94.399] (**) Option "AccelerationScheme" "none"
[    94.399] (**) VirtualBox USB Tablet: (accel) selected scheme none/0
[    94.399] (**) VirtualBox USB Tablet: (accel) acceleration factor: 2.000
[    94.399] (**) VirtualBox USB Tablet: (accel) acceleration threshold: 4
[    94.401] (II) event5  - VirtualBox USB Tablet: is tagged by udev as: Mouse
[    94.402] (II) event5  - VirtualBox USB Tablet: device is a pointer
[    94.403] (II) config/udev: Adding input device VirtualBox USB Tablet (/dev/input/js0)
[    94.403] (II) No input driver specified, ignoring this device.
[    94.403] (II) This device may have been added with another device file.
[    94.404] (II) config/udev: Adding input device VirtualBox USB Tablet (/dev/input/mouse1)
[    94.404] (II) No input driver specified, ignoring this device.
[    94.404] (II) This device may have been added with another device file.
[    94.405] (II) config/udev: Adding input device AT Translated Set 2 keyboard (/dev/input/event2)
[    94.405] (**) AT Translated Set 2 keyboard: Applying InputClass "libinput keyboard catchall"
[    94.405] (II) Using input driver 'libinput' for 'AT Translated Set 2 keyboard'
[    94.405] (II) systemd-logind: got fd for /dev/input/event2 13:66 fd 31 paused 0
[    94.406] (**) AT Translated Set 2 keyboard: always reports core events
[    94.406] (**) Option "Device" "/dev/input/event2"
[    94.406] (**) Option "_source" "server/udev"
[    94.407] (II) event2  - AT Translated Set 2 keyboard: is tagged by udev as: Keyboard
[    94.407] (II) event2  - AT Translated Set 2 keyboard: device is a keyboard
[    94.408] (II) event2  - AT Translated Set 2 keyboard: device removed
[    94.408] (**) Option "config_info" "udev:/sys/devices/platform/i8042/serio0/input/input2/event2"
[    94.408] (II) XINPUT: Adding extended input device "AT Translated Set 2 keyboard" (type: KEYBOARD, id 11)
[    94.408] (**) Option "xkb_model" "pc105"
[    94.408] (**) Option "xkb_layout" "us"
[    94.409] (II) event2  - AT Translated Set 2 keyboard: is tagged by udev as: Keyboard
[    94.409] (II) event2  - AT Translated Set 2 keyboard: device is a keyboard
[    94.411] (II) config/udev: Adding input device ImExPS/2 Generic Explorer Mouse (/dev/input/event4)
[    94.411] (**) ImExPS/2 Generic Explorer Mouse: Applying InputClass "libinput pointer catchall"
[    94.411] (II) Using input driver 'libinput' for 'ImExPS/2 Generic Explorer Mouse'
[    94.412] (II) systemd-logind: got fd for /dev/input/event4 13:68 fd 32 paused 0
[    94.412] (**) ImExPS/2 Generic Explorer Mouse: always reports core events
[    94.412] (**) Option "Device" "/dev/input/event4"
[    94.412] (**) Option "_source" "server/udev"
[    94.413] (II) event4  - ImExPS/2 Generic Explorer Mouse: is tagged by udev as: Mouse
[    94.414] (II) event4  - ImExPS/2 Generic Explorer Mouse: device is a pointer
[    94.414] (II) event4  - ImExPS/2 Generic Explorer Mouse: device removed
[    94.414] (**) Option "config_info" "udev:/sys/devices/platform/i8042/serio1/input/input5/event4"
[    94.414] (II) XINPUT: Adding extended input device "ImExPS/2 Generic Explorer Mouse" (type: MOUSE, id 12)
[    94.414] (**) Option "AccelerationScheme" "none"
[    94.414] (**) ImExPS/2 Generic Explorer Mouse: (accel) selected scheme none/0
[    94.414] (**) ImExPS/2 Generic Explorer Mouse: (accel) acceleration factor: 2.000
[    94.414] (**) ImExPS/2 Generic Explorer Mouse: (accel) acceleration threshold: 4
[    94.416] (II) event4  - ImExPS/2 Generic Explorer Mouse: is tagged by udev as: Mouse
[    94.416] (II) event4  - ImExPS/2 Generic Explorer Mouse: device is a pointer
[    94.417] (II) config/udev: Adding input device ImExPS/2 Generic Explorer Mouse (/dev/input/mouse0)
[    94.417] (II) No input driver specified, ignoring this device.
[    94.417] (II) This device may have been added with another device file.
